<?xml version="1.0" encoding="UTF-8"?>
<testsuite xmlns:xsi="http://www.w3.org/2001/XMLSchema-instance" xsi:noNamespaceSchemaLocation="https://maven.apache.org/surefire/maven-surefire-plugin/xsd/surefire-test-report.xsd" name="br.com.web.groove.tech.tests.LoginTest" time="43.209" tests="2" errors="0" skipped="0" failures="0">
  <properties>
[...]
</properties>
  <testcase name="testValidarTituloCadastro" classname="br.com.web.groove.tech.tests.LoginTest" time="24.667"/>
  <testcase name="testObrigatoriedadePassword" classname="br.com.web.groove.tech.tests.LoginTest" time="15.445"/>
</testsuite>